2025-12-07 23:29:04 error: uncaughtException: `PrismaClient` needs to be constructed with a non-empty, valid `PrismaClientOptions`:

```
new PrismaClient({
  ...
})
```

or

```
constructor() {
  super({ ... });
}
```
          
PrismaClientInitializationError: `PrismaClient` needs to be constructed with a non-empty, valid `PrismaClientOptions`:

```
new PrismaClient({
  ...
})
```

or

```
constructor() {
  super({ ... });
}
```
          
    at new t (D:\BMU\HR BMU\BE\node_modules\@prisma\client\src\runtime\getPrismaClient.ts:259:15)
    at Object.<anonymous> (D:\BMU\HR BMU\BE\src\services\auth-services.ts:11:16)
    at Module.<anonymous> (node:internal/modules/cjs/loader:1688:14)
    at Module._compile (D:\BMU\HR BMU\BE\node_modules\source-map-support\source-map-support.js:521:25)
    at Module.m._compile (C:\Users\DWIAJU~1\AppData\Local\Temp\ts-node-dev-hook-7204772497556049.js:69:33)
    at node:internal/modules/cjs/loader:1820:10
    at require.extensions..jsx.require.extensions..js (C:\Users\DWIAJU~1\AppData\Local\Temp\ts-node-dev-hook-7204772497556049.js:114:20)
    at require.extensions.<computed> (C:\Users\DWIAJU~1\AppData\Local\Temp\ts-node-dev-hook-7204772497556049.js:71:20)
    at Object.nodeDevHook [as .ts] (D:\BMU\HR BMU\BE\node_modules\ts-node-dev\lib\hook.js:63:13)
    at Module.load (node:internal/modules/cjs/loader:1423:32)
2025-12-07 23:32:28 error: uncaughtException: `PrismaClient` needs to be constructed with a non-empty, valid `PrismaClientOptions`:

```
new PrismaClient({
  ...
})
```

or

```
constructor() {
  super({ ... });
}
```
          
PrismaClientInitializationError: `PrismaClient` needs to be constructed with a non-empty, valid `PrismaClientOptions`:

```
new PrismaClient({
  ...
})
```

or

```
constructor() {
  super({ ... });
}
```
          
    at new t (D:\BMU\HR BMU\BE\node_modules\@prisma\client\src\runtime\getPrismaClient.ts:259:15)
    at Object.<anonymous> (D:\BMU\HR BMU\BE\src\services\auth-services.ts:11:16)
    at Module.<anonymous> (node:internal/modules/cjs/loader:1688:14)
    at Module._compile (D:\BMU\HR BMU\BE\node_modules\source-map-support\source-map-support.js:521:25)
    at Module.m._compile (C:\Users\DWIAJU~1\AppData\Local\Temp\ts-node-dev-hook-01926525290723302.js:69:33)
    at node:internal/modules/cjs/loader:1820:10
    at require.extensions..jsx.require.extensions..js (C:\Users\DWIAJU~1\AppData\Local\Temp\ts-node-dev-hook-01926525290723302.js:114:20)
    at require.extensions.<computed> (C:\Users\DWIAJU~1\AppData\Local\Temp\ts-node-dev-hook-01926525290723302.js:71:20)
    at Object.nodeDevHook [as .ts] (D:\BMU\HR BMU\BE\node_modules\ts-node-dev\lib\hook.js:63:13)
    at Module.load (node:internal/modules/cjs/loader:1423:32)
2025-12-07 23:33:34 error: uncaughtException: `PrismaClient` needs to be constructed with a non-empty, valid `PrismaClientOptions`:

```
new PrismaClient({
  ...
})
```

or

```
constructor() {
  super({ ... });
}
```
          
PrismaClientInitializationError: `PrismaClient` needs to be constructed with a non-empty, valid `PrismaClientOptions`:

```
new PrismaClient({
  ...
})
```

or

```
constructor() {
  super({ ... });
}
```
          
    at new t (D:\BMU\HR BMU\BE\node_modules\@prisma\client\src\runtime\getPrismaClient.ts:259:15)
    at Object.<anonymous> (D:\BMU\HR BMU\BE\src\services\auth-services.ts:11:16)
    at Module.<anonymous> (node:internal/modules/cjs/loader:1688:14)
    at Module._compile (D:\BMU\HR BMU\BE\node_modules\source-map-support\source-map-support.js:521:25)
    at Module.m._compile (C:\Users\DWIAJU~1\AppData\Local\Temp\ts-node-dev-hook-01926525290723302.js:69:33)
    at node:internal/modules/cjs/loader:1820:10
    at require.extensions..jsx.require.extensions..js (C:\Users\DWIAJU~1\AppData\Local\Temp\ts-node-dev-hook-01926525290723302.js:114:20)
    at require.extensions.<computed> (C:\Users\DWIAJU~1\AppData\Local\Temp\ts-node-dev-hook-01926525290723302.js:71:20)
    at Object.nodeDevHook [as .ts] (D:\BMU\HR BMU\BE\node_modules\ts-node-dev\lib\hook.js:63:13)
    at Module.load (node:internal/modules/cjs/loader:1423:32)
2025-12-07 23:34:23 error: uncaughtException: `PrismaClient` needs to be constructed with a non-empty, valid `PrismaClientOptions`:

```
new PrismaClient({
  ...
})
```

or

```
constructor() {
  super({ ... });
}
```
          
PrismaClientInitializationError: `PrismaClient` needs to be constructed with a non-empty, valid `PrismaClientOptions`:

```
new PrismaClient({
  ...
})
```

or

```
constructor() {
  super({ ... });
}
```
          
    at new t (D:\BMU\HR BMU\BE\node_modules\@prisma\client\src\runtime\getPrismaClient.ts:259:15)
    at Object.<anonymous> (D:\BMU\HR BMU\BE\src\services\auth-services.ts:11:16)
    at Module.<anonymous> (node:internal/modules/cjs/loader:1688:14)
    at Module._compile (D:\BMU\HR BMU\BE\node_modules\source-map-support\source-map-support.js:521:25)
    at Module.m._compile (C:\Users\DWIAJU~1\AppData\Local\Temp\ts-node-dev-hook-01926525290723302.js:69:33)
    at node:internal/modules/cjs/loader:1820:10
    at require.extensions..jsx.require.extensions..js (C:\Users\DWIAJU~1\AppData\Local\Temp\ts-node-dev-hook-01926525290723302.js:114:20)
    at require.extensions.<computed> (C:\Users\DWIAJU~1\AppData\Local\Temp\ts-node-dev-hook-01926525290723302.js:71:20)
    at Object.nodeDevHook [as .ts] (D:\BMU\HR BMU\BE\node_modules\ts-node-dev\lib\hook.js:63:13)
    at Module.load (node:internal/modules/cjs/loader:1423:32)
2025-12-07 23:39:56 error: uncaughtException: Cannot find module 'axios'
Require stack:
- D:\BMU\HR BMU\BE\src\services\auth-services.ts
- D:\BMU\HR BMU\BE\src\controller\auth-controller.ts
- D:\BMU\HR BMU\BE\src\routes\details\auth.ts
- D:\BMU\HR BMU\BE\src\routes\public-api.ts
- D:\BMU\HR BMU\BE\src\application\web.ts
- D:\BMU\HR BMU\BE\src\app.ts
Error: Cannot find module 'axios'
Require stack:
- D:\BMU\HR BMU\BE\src\services\auth-services.ts
- D:\BMU\HR BMU\BE\src\controller\auth-controller.ts
- D:\BMU\HR BMU\BE\src\routes\details\auth.ts
- D:\BMU\HR BMU\BE\src\routes\public-api.ts
- D:\BMU\HR BMU\BE\src\application\web.ts
- D:\BMU\HR BMU\BE\src\app.ts
    at Function._resolveFilename (node:internal/modules/cjs/loader:1365:15)
    at defaultResolveImpl (node:internal/modules/cjs/loader:1021:19)
    at resolveForCJSWithHooks (node:internal/modules/cjs/loader:1026:22)
    at Function._load (node:internal/modules/cjs/loader:1175:37)
    at TracingChannel.traceSync (node:diagnostics_channel:322:14)
    at wrapModuleLoad (node:internal/modules/cjs/loader:235:24)
    at Module.require (node:internal/modules/cjs/loader:1445:12)
    at require (node:internal/modules/helpers:135:16)
    at Object.<anonymous> (D:\BMU\HR BMU\BE\src\services\auth-services.ts:6:1)
    at Module.<anonymous> (node:internal/modules/cjs/loader:1688:14)
2025-12-07 23:40:23 error: uncaughtException: `PrismaClient` needs to be constructed with a non-empty, valid `PrismaClientOptions`:

```
new PrismaClient({
  ...
})
```

or

```
constructor() {
  super({ ... });
}
```
          
PrismaClientInitializationError: `PrismaClient` needs to be constructed with a non-empty, valid `PrismaClientOptions`:

```
new PrismaClient({
  ...
})
```

or

```
constructor() {
  super({ ... });
}
```
          
    at new t (D:\BMU\HR BMU\BE\node_modules\@prisma\client\src\runtime\getPrismaClient.ts:259:15)
    at Object.<anonymous> (D:\BMU\HR BMU\BE\src\services\auth-services.ts:11:16)
    at Module.<anonymous> (node:internal/modules/cjs/loader:1688:14)
    at Module._compile (D:\BMU\HR BMU\BE\node_modules\source-map-support\source-map-support.js:521:25)
    at Module.m._compile (C:\Users\DWIAJU~1\AppData\Local\Temp\ts-node-dev-hook-7844798161473812.js:69:33)
    at node:internal/modules/cjs/loader:1820:10
    at require.extensions..jsx.require.extensions..js (C:\Users\DWIAJU~1\AppData\Local\Temp\ts-node-dev-hook-7844798161473812.js:114:20)
    at require.extensions.<computed> (C:\Users\DWIAJU~1\AppData\Local\Temp\ts-node-dev-hook-7844798161473812.js:71:20)
    at Object.nodeDevHook [as .ts] (D:\BMU\HR BMU\BE\node_modules\ts-node-dev\lib\hook.js:63:13)
    at Module.load (node:internal/modules/cjs/loader:1423:32)
2025-12-07 23:41:42 error: uncaughtException: `PrismaClient` needs to be constructed with a non-empty, valid `PrismaClientOptions`:

```
new PrismaClient({
  ...
})
```

or

```
constructor() {
  super({ ... });
}
```
          
PrismaClientInitializationError: `PrismaClient` needs to be constructed with a non-empty, valid `PrismaClientOptions`:

```
new PrismaClient({
  ...
})
```

or

```
constructor() {
  super({ ... });
}
```
          
    at new t (D:\BMU\HR BMU\BE\node_modules\@prisma\client\src\runtime\getPrismaClient.ts:259:15)
    at Object.<anonymous> (D:\BMU\HR BMU\BE\src\services\auth-services.ts:10:16)
    at Module.<anonymous> (node:internal/modules/cjs/loader:1688:14)
    at Module._compile (D:\BMU\HR BMU\BE\node_modules\source-map-support\source-map-support.js:521:25)
    at Module.m._compile (C:\Users\DWIAJU~1\AppData\Local\Temp\ts-node-dev-hook-7844798161473812.js:69:33)
    at node:internal/modules/cjs/loader:1820:10
    at require.extensions..jsx.require.extensions..js (C:\Users\DWIAJU~1\AppData\Local\Temp\ts-node-dev-hook-7844798161473812.js:114:20)
    at require.extensions.<computed> (C:\Users\DWIAJU~1\AppData\Local\Temp\ts-node-dev-hook-7844798161473812.js:71:20)
    at Object.nodeDevHook [as .ts] (D:\BMU\HR BMU\BE\node_modules\ts-node-dev\lib\hook.js:63:13)
    at Module.load (node:internal/modules/cjs/loader:1423:32)
2025-12-07 23:41:47 error: uncaughtException: PrismaClient is not defined
ReferenceError: PrismaClient is not defined
    at Object.<anonymous> (D:\BMU\HR BMU\BE\src\services\auth-services.ts:10:16)
    at Module.<anonymous> (node:internal/modules/cjs/loader:1688:14)
    at Module._compile (D:\BMU\HR BMU\BE\node_modules\source-map-support\source-map-support.js:521:25)
    at Module.m._compile (C:\Users\DWIAJU~1\AppData\Local\Temp\ts-node-dev-hook-7844798161473812.js:69:33)
    at node:internal/modules/cjs/loader:1820:10
    at require.extensions..jsx.require.extensions..js (C:\Users\DWIAJU~1\AppData\Local\Temp\ts-node-dev-hook-7844798161473812.js:114:20)
    at require.extensions.<computed> (C:\Users\DWIAJU~1\AppData\Local\Temp\ts-node-dev-hook-7844798161473812.js:71:20)
    at Object.nodeDevHook [as .ts] (D:\BMU\HR BMU\BE\node_modules\ts-node-dev\lib\hook.js:63:13)
    at Module.load (node:internal/modules/cjs/loader:1423:32)
    at Function._load (node:internal/modules/cjs/loader:1246:12)
